<?xml version="1.0" encoding="UTF-8"?>
<testng-results ignored="0" total="1" passed="1" failed="0" skipped="0">
  <reporter-output>
  </reporter-output>
  <suite started-at="2021-07-06T21:44:00 IST" name="Default suite" finished-at="2021-07-06T21:44:01 IST" duration-ms="1021">
    <groups>
    </groups>
    <test started-at="2021-07-06T21:44:00 IST" name="Default test" finished-at="2021-07-06T21:44:01 IST" duration-ms="1021">
      <class name="RestApiTest.NewTest">
        <test-method is-config="true" signature="beforeSuite()[pri:0, instance:RestApiTest.NewTest@6ef888f6]" started-at="2021-07-06T21:44:00 IST" name="beforeSuite" finished-at="2021-07-06T21:44:00 IST" duration-ms="11" status="PASS">
          <reporter-output>
          </reporter-output>
        </test-method> <!-- beforeSuite -->
        <test-method is-config="true" signature="beforeTest()[pri:0, instance:RestApiTest.NewTest@6ef888f6]" started-at="2021-07-06T21:44:00 IST" name="beforeTest" finished-at="2021-07-06T21:44:00 IST" duration-ms="1" status="PASS">
          <reporter-output>
          </reporter-output>
        </test-method> <!-- beforeTest -->
        <test-method is-config="true" signature="beforeMethod()[pri:0, instance:RestApiTest.NewTest@6ef888f6]" started-at="2021-07-06T21:44:00 IST" name="beforeMethod" finished-at="2021-07-06T21:44:00 IST" duration-ms="1" status="PASS">
          <reporter-output>
          </reporter-output>
        </test-method> <!-- beforeMethod -->
        <test-method signature="postMethod()[pri:0, instance:RestApiTest.NewTest@6ef888f6]" started-at="2021-07-06T21:44:00 IST" name="postMethod" finished-at="2021-07-06T21:44:01 IST" duration-ms="977" status="PASS">
          <reporter-output>
          </reporter-output>
        </test-method> <!-- postMethod -->
        <test-method is-config="true" signature="afterMethod()[pri:0, instance:RestApiTest.NewTest@6ef888f6]" started-at="2021-07-06T21:44:01 IST" name="afterMethod" finished-at="2021-07-06T21:44:01 IST" duration-ms="0" status="PASS">
          <reporter-output>
          </reporter-output>
        </test-method> <!-- afterMethod -->
        <test-method is-config="true" signature="afterTest()[pri:0, instance:RestApiTest.NewTest@6ef888f6]" started-at="2021-07-06T21:44:01 IST" name="afterTest" finished-at="2021-07-06T21:44:01 IST" duration-ms="0" status="PASS">
          <reporter-output>
          </reporter-output>
        </test-method> <!-- afterTest -->
        <test-method is-config="true" signature="afterSuite()[pri:0, instance:RestApiTest.NewTest@6ef888f6]" started-at="2021-07-06T21:44:01 IST" name="afterSuite" finished-at="2021-07-06T21:44:01 IST" duration-ms="369" status="PASS">
          <reporter-output>
          </reporter-output>
        </test-method> <!-- afterSuite -->
      </class> <!-- RestApiTest.NewTest -->
    </test> <!-- Default test -->
  </suite> <!-- Default suite -->
</testng-results>
